
[0m[2m[35m$[0m [2m[1mbunx --bun vite build[0m
[36mvite v7.1.3 [32mbuilding SSR bundle for production...[36m[39m
[2K[1Gtransforming (1) [2m../../node_modules/@sveltejs/kit/src/runtime/server/index.js[22m[2K[1Gtransforming (4441) [2m../../node_modules/svelte/src/store/index-server.js[22m[2K[1Gtransforming (8126) [2msrc/lib/components/ui/data-table/flex-render.svelte[22m[2K[1Gtransforming (8355) [2msrc/lib/components/ui/toggle-group/toggle-group.svelte[22m[2K[1Gtransforming (8420) [2msrc/lib/components/ui/chart/chart-style.svelte[22m[2K[1G[2K[1G[2K[1G[2K[1G[2K[1G[2K[1G[2K[1G[2K[1G[2K[1G[2K[1G[2K[1G[2K[1G[2K[1G[2K[1G[2K[1G[2K[1G[2K[1G[2K[1G[2K[1G[2K[1G[2K[1G[2K[1G[2K[1G[2K[1G[2K[1G[2K[1G[2K[1G[2K[1G[2K[1G[2K[1G[2K[1G[2K[1G[2K[1G[2K[1G[2K[1G[2K[1G[2K[1G[2K[1G[2K[1G[2K[1G[2K[1G[2K[1G[2K[1G[2K[1G[2K[1G[2K[1G[2K[1G[2K[1G[2K[1G[2K[1G[2K[1G[2K[1G[2K[1G[2K[1G[2K[1G[2K[1G[2K[1G[2K[1G[2K[1G[2K[1G[2K[1G[2K[1G[2K[1G[2K[1G[2K[1G[2K[1G[2K[1G[2K[1G[2K[1G[2K[1G[2K[1G[2K[1G[2K[1G[2K[1G[2K[1G[2K[1G[2K[1G[2K[1G[2K[1G[2K[1G[2K[1G[2K[1G[2K[1G[33m../../packages/layerchart-wrapper/dist/controls/chart-color-selector.svelte (30:9): Error when using sourcemap for reporting an error: Can't resolve original location of error.[39m
[2K[1G[33m../../packages/layerchart-wrapper/dist/controls/chart-color-selector.svelte (30:9): "Root" is not exported by "../../node_modules/bits-ui/dist/index.js", imported by "../../packages/layerchart-wrapper/dist/controls/chart-color-selector.svelte".[39m
[2K[1G[33m../../packages/layerchart-wrapper/dist/controls/chart-color-selector.svelte (45:11): Error when using sourcemap for reporting an error: Can't resolve original location of error.[39m
[2K[1G[33m../../packages/layerchart-wrapper/dist/controls/chart-color-selector.svelte (45:11): "Trigger" is not exported by "../../node_modules/bits-ui/dist/index.js", imported by "../../packages/layerchart-wrapper/dist/controls/chart-color-selector.svelte".[39m
[2K[1G[33m../../packages/layerchart-wrapper/dist/controls/chart-color-selector.svelte (81:11): Error when using sourcemap for reporting an error: Can't resolve original location of error.[39m
[2K[1G[33m../../packages/layerchart-wrapper/dist/controls/chart-color-selector.svelte (81:11): "Content" is not exported by "../../node_modules/bits-ui/dist/index.js", imported by "../../packages/layerchart-wrapper/dist/controls/chart-color-selector.svelte".[39m
[2K[1G[33m../../packages/layerchart-wrapper/dist/controls/chart-color-selector.svelte (107:16): Error when using sourcemap for reporting an error: Can't resolve original location of error.[39m
[2K[1G[33m../../packages/layerchart-wrapper/dist/controls/chart-color-selector.svelte (107:16): "Item" is not exported by "../../node_modules/bits-ui/dist/index.js", imported by "../../packages/layerchart-wrapper/dist/controls/chart-color-selector.svelte".[39m
[2K[1G[33m../../packages/layerchart-wrapper/dist/controls/chart-crosshair-controls.svelte (131:11): Error when using sourcemap for reporting an error: Can't resolve original location of error.[39m
[2K[1G[33m../../packages/layerchart-wrapper/dist/controls/chart-crosshair-controls.svelte (131:11): "Root" is not exported by "../../node_modules/bits-ui/dist/index.js", imported by "../../packages/layerchart-wrapper/dist/controls/chart-crosshair-controls.svelte".[39m
[2K[1G[33m../../packages/layerchart-wrapper/dist/controls/chart-crosshair-controls.svelte (146:13): Error when using sourcemap for reporting an error: Can't resolve original location of error.[39m
[2K[1G[33m../../packages/layerchart-wrapper/dist/controls/chart-crosshair-controls.svelte (146:13): "Trigger" is not exported by "../../node_modules/bits-ui/dist/index.js", imported by "../../packages/layerchart-wrapper/dist/controls/chart-crosshair-controls.svelte".[39m
[2K[1G[33m../../packages/layerchart-wrapper/dist/controls/chart-crosshair-controls.svelte (169:13): Error when using sourcemap for reporting an error: Can't resolve original location of error.[39m
[2K[1G[33m../../packages/layerchart-wrapper/dist/controls/chart-crosshair-controls.svelte (169:13): "Content" is not exported by "../../node_modules/bits-ui/dist/index.js", imported by "../../packages/layerchart-wrapper/dist/controls/chart-crosshair-controls.svelte".[39m
[2K[1G[33m../../packages/layerchart-wrapper/dist/controls/chart-crosshair-controls.svelte (180:16): Error when using sourcemap for reporting an error: Can't resolve original location of error.[39m
[2K[1G[33m../../packages/layerchart-wrapper/dist/controls/chart-crosshair-controls.svelte (180:16): "Item" is not exported by "../../node_modules/bits-ui/dist/index.js", imported by "../../packages/layerchart-wrapper/dist/controls/chart-crosshair-controls.svelte".[39m
[2K[1G[33m../../packages/layerchart-wrapper/dist/controls/chart-crosshair-controls.svelte (233:11): Error when using sourcemap for reporting an error: Can't resolve original location of error.[39m
[2K[1G[33m../../packages/layerchart-wrapper/dist/controls/chart-crosshair-controls.svelte (233:11): "Root" is not exported by "../../node_modules/bits-ui/dist/index.js", imported by "../../packages/layerchart-wrapper/dist/controls/chart-crosshair-controls.svelte".[39m
[2K[1G[33m../../packages/layerchart-wrapper/dist/controls/chart-crosshair-controls.svelte (248:13): Error when using sourcemap for reporting an error: Can't resolve original location of error.[39m
[2K[1G[33m../../packages/layerchart-wrapper/dist/controls/chart-crosshair-controls.svelte (248:13): "Trigger" is not exported by "../../node_modules/bits-ui/dist/index.js", imported by "../../packages/layerchart-wrapper/dist/controls/chart-crosshair-controls.svelte".[39m
[2K[1G[33m../../packages/layerchart-wrapper/dist/controls/chart-crosshair-controls.svelte (271:13): Error when using sourcemap for reporting an error: Can't resolve original location of error.[39m
[2K[1G[33m../../packages/layerchart-wrapper/dist/controls/chart-crosshair-controls.svelte (271:13): "Content" is not exported by "../../node_modules/bits-ui/dist/index.js", imported by "../../packages/layerchart-wrapper/dist/controls/chart-crosshair-controls.svelte".[39m
[2K[1G[33m../../packages/layerchart-wrapper/dist/controls/chart-crosshair-controls.svelte (282:16): Error when using sourcemap for reporting an error: Can't resolve original location of error.[39m
[2K[1G[33m../../packages/layerchart-wrapper/dist/controls/chart-crosshair-controls.svelte (282:16): "Item" is not exported by "../../node_modules/bits-ui/dist/index.js", imported by "../../packages/layerchart-wrapper/dist/controls/chart-crosshair-controls.svelte".[39m
[2K[1G[33m../../packages/layerchart-wrapper/dist/controls/chart-curve-selector.svelte (74:10): Error when using sourcemap for reporting an error: Can't resolve original location of error.[39m
[2K[1G[33m../../packages/layerchart-wrapper/dist/controls/chart-curve-selector.svelte (74:10): "Root" is not exported by "../../node_modules/bits-ui/dist/index.js", imported by "../../packages/layerchart-wrapper/dist/controls/chart-curve-selector.svelte".[39m
[2K[1G[33m../../packages/layerchart-wrapper/dist/controls/chart-curve-selector.svelte (89:12): Error when using sourcemap for reporting an error: Can't resolve original location of error.[39m
[2K[1G[33m../../packages/layerchart-wrapper/dist/controls/chart-curve-selector.svelte (89:12): "Trigger" is not exported by "../../node_modules/bits-ui/dist/index.js", imported by "../../packages/layerchart-wrapper/dist/controls/chart-curve-selector.svelte".[39m
[2K[1G[33m../../packages/layerchart-wrapper/dist/controls/chart-curve-selector.svelte (108:12): Error when using sourcemap for reporting an error: Can't resolve original location of error.[39m
[2K[1G[33m../../packages/layerchart-wrapper/dist/controls/chart-curve-selector.svelte (108:12): "Content" is not exported by "../../node_modules/bits-ui/dist/index.js", imported by "../../packages/layerchart-wrapper/dist/controls/chart-curve-selector.svelte".[39m
[2K[1G[33m../../packages/layerchart-wrapper/dist/controls/chart-curve-selector.svelte (119:15): Error when using sourcemap for reporting an error: Can't resolve original location of error.[39m
[2K[1G[33m../../packages/layerchart-wrapper/dist/controls/chart-curve-selector.svelte (119:15): "Item" is not exported by "../../node_modules/bits-ui/dist/index.js", imported by "../../packages/layerchart-wrapper/dist/controls/chart-curve-selector.svelte".[39m
[2K[1G[33m../../packages/layerchart-wrapper/dist/controls/chart-font-controls.svelte (81:10): Error when using sourcemap for reporting an error: Can't resolve original location of error.[39m
[2K[1G[33m../../packages/layerchart-wrapper/dist/controls/chart-font-controls.svelte (81:10): "Root" is not exported by "../../node_modules/bits-ui/dist/index.js", imported by "../../packages/layerchart-wrapper/dist/controls/chart-font-controls.svelte".[39m
[2K[1G[33m../../packages/layerchart-wrapper/dist/controls/chart-font-controls.svelte (96:12): Error when using sourcemap for reporting an error: Can't resolve original location of error.[39m
[2K[1G[33m../../packages/layerchart-wrapper/dist/controls/chart-font-controls.svelte (96:12): "Trigger" is not exported by "../../node_modules/bits-ui/dist/index.js", imported by "../../packages/layerchart-wrapper/dist/controls/chart-font-controls.svelte".[39m
[2K[1G[33m../../packages/layerchart-wrapper/dist/controls/chart-font-controls.svelte (108:12): Error when using sourcemap for reporting an error: Can't resolve original location of error.[39m
[2K[1G[33m../../packages/layerchart-wrapper/dist/controls/chart-font-controls.svelte (108:12): "Content" is not exported by "../../node_modules/bits-ui/dist/index.js", imported by "../../packages/layerchart-wrapper/dist/controls/chart-font-controls.svelte".[39m
[2K[1G[33m../../packages/layerchart-wrapper/dist/controls/chart-font-controls.svelte (119:15): Error when using sourcemap for reporting an error: Can't resolve original location of error.[39m
[2K[1G[33m../../packages/layerchart-wrapper/dist/controls/chart-font-controls.svelte (119:15): "Item" is not exported by "../../node_modules/bits-ui/dist/index.js", imported by "../../packages/layerchart-wrapper/dist/controls/chart-font-controls.svelte".[39m
[2K[1G[33m../../packages/layerchart-wrapper/dist/controls/chart-font-controls.svelte (200:10): Error when using sourcemap for reporting an error: Can't resolve original location of error.[39m
[2K[1G[33m../../packages/layerchart-wrapper/dist/controls/chart-font-controls.svelte (200:10): "Root" is not exported by "../../node_modules/bits-ui/dist/index.js", imported by "../../packages/layerchart-wrapper/dist/controls/chart-font-controls.svelte".[39m
[2K[1G[33m../../packages/layerchart-wrapper/dist/controls/chart-font-controls.svelte (215:12): Error when using sourcemap for reporting an error: Can't resolve original location of error.[39m
[2K[1G[33m../../packages/layerchart-wrapper/dist/controls/chart-font-controls.svelte (215:12): "Trigger" is not exported by "../../node_modules/bits-ui/dist/index.js", imported by "../../packages/layerchart-wrapper/dist/controls/chart-font-controls.svelte".[39m
[2K[1G[33m../../packages/layerchart-wrapper/dist/controls/chart-font-controls.svelte (227:12): Error when using sourcemap for reporting an error: Can't resolve original location of error.[39m
[2K[1G[33m../../packages/layerchart-wrapper/dist/controls/chart-font-controls.svelte (227:12): "Content" is not exported by "../../node_modules/bits-ui/dist/index.js", imported by "../../packages/layerchart-wrapper/dist/controls/chart-font-controls.svelte".[39m
[2K[1G[33m../../packages/layerchart-wrapper/dist/controls/chart-font-controls.svelte (238:15): Error when using sourcemap for reporting an error: Can't resolve original location of error.[39m
[2K[1G[33m../../packages/layerchart-wrapper/dist/controls/chart-font-controls.svelte (238:15): "Item" is not exported by "../../node_modules/bits-ui/dist/index.js", imported by "../../packages/layerchart-wrapper/dist/controls/chart-font-controls.svelte".[39m
[2K[1G[33m../../packages/layerchart-wrapper/dist/controls/chart-font-controls.svelte (280:10): Error when using sourcemap for reporting an error: Can't resolve original location of error.[39m
[2K[1G[33m../../packages/layerchart-wrapper/dist/controls/chart-font-controls.svelte (280:10): "Root" is not exported by "../../node_modules/bits-ui/dist/index.js", imported by "../../packages/layerchart-wrapper/dist/controls/chart-font-controls.svelte".[39m
[2K[1G[33m../../packages/layerchart-wrapper/dist/controls/chart-font-controls.svelte (295:12): Error when using sourcemap for reporting an error: Can't resolve original location of error.[39m
[2K[1G[33m../../packages/layerchart-wrapper/dist/controls/chart-font-controls.svelte (295:12): "Trigger" is not exported by "../../node_modules/bits-ui/dist/index.js", imported by "../../packages/layerchart-wrapper/dist/controls/chart-font-controls.svelte".[39m
[2K[1G[33m../../packages/layerchart-wrapper/dist/controls/chart-font-controls.svelte (307:12): Error when using sourcemap for reporting an error: Can't resolve original location of error.[39m
[2K[1G[33m../../packages/layerchart-wrapper/dist/controls/chart-font-controls.svelte (307:12): "Content" is not exported by "../../node_modules/bits-ui/dist/index.js", imported by "../../packages/layerchart-wrapper/dist/controls/chart-font-controls.svelte".[39m
[2K[1G[33m../../packages/layerchart-wrapper/dist/controls/chart-font-controls.svelte (318:15): Error when using sourcemap for reporting an error: Can't resolve original location of error.[39m
[2K[1G[33m../../packages/layerchart-wrapper/dist/controls/chart-font-controls.svelte (318:15): "Item" is not exported by "../../node_modules/bits-ui/dist/index.js", imported by "../../packages/layerchart-wrapper/dist/controls/chart-font-controls.svelte".[39m
[2K[1G[33m../../packages/layerchart-wrapper/dist/controls/chart-label-controls.svelte (114:11): Error when using sourcemap for reporting an error: Can't resolve original location of error.[39m
[2K[1G[33m../../packages/layerchart-wrapper/dist/controls/chart-label-controls.svelte (114:11): "Root" is not exported by "../../node_modules/bits-ui/dist/index.js", imported by "../../packages/layerchart-wrapper/dist/controls/chart-label-controls.svelte".[39m
[2K[1G[33m../../packages/layerchart-wrapper/dist/controls/chart-label-controls.svelte (125:13): Error when using sourcemap for reporting an error: Can't resolve original location of error.[39m
[2K[1G[33m../../packages/layerchart-wrapper/dist/controls/chart-label-controls.svelte (125:13): "Trigger" is not exported by "../../node_modules/bits-ui/dist/index.js", imported by "../../packages/layerchart-wrapper/dist/controls/chart-label-controls.svelte".[39m
[2K[1G[33m../../packages/layerchart-wrapper/dist/controls/chart-label-controls.svelte (138:13): Error when using sourcemap for reporting an error: Can't resolve original location of error.[39m
[2K[1G[33m../../packages/layerchart-wrapper/dist/controls/chart-label-controls.svelte (138:13): "Content" is not exported by "../../node_modules/bits-ui/dist/index.js", imported by "../../packages/layerchart-wrapper/dist/controls/chart-label-controls.svelte".[39m
[2K[1G[33m../../packages/layerchart-wrapper/dist/controls/chart-label-controls.svelte (149:16): Error when using sourcemap for reporting an error: Can't resolve original location of error.[39m
[2K[1G[33m../../packages/layerchart-wrapper/dist/controls/chart-label-controls.svelte (149:16): "Item" is not exported by "../../node_modules/bits-ui/dist/index.js", imported by "../../packages/layerchart-wrapper/dist/controls/chart-label-controls.svelte".[39m
[2K[1G[33m../../packages/layerchart-wrapper/dist/controls/chart-label-controls.svelte (191:11): Error when using sourcemap for reporting an error: Can't resolve original location of error.[39m
[2K[1G[33m../../packages/layerchart-wrapper/dist/controls/chart-label-controls.svelte (191:11): "Root" is not exported by "../../node_modules/bits-ui/dist/index.js", imported by "../../packages/layerchart-wrapper/dist/controls/chart-label-controls.svelte".[39m
[2K[1G[33m../../packages/layerchart-wrapper/dist/controls/chart-label-controls.svelte (202:13): Error when using sourcemap for reporting an error: Can't resolve original location of error.[39m
[2K[1G[33m../../packages/layerchart-wrapper/dist/controls/chart-label-controls.svelte (202:13): "Trigger" is not exported by "../../node_modules/bits-ui/dist/index.js", imported by "../../packages/layerchart-wrapper/dist/controls/chart-label-controls.svelte".[39m
[2K[1G[33m../../packages/layerchart-wrapper/dist/controls/chart-label-controls.svelte (215:13): Error when using sourcemap for reporting an error: Can't resolve original location of error.[39m
[2K[1G[33m../../packages/layerchart-wrapper/dist/controls/chart-label-controls.svelte (215:13): "Content" is not exported by "../../node_modules/bits-ui/dist/index.js", imported by "../../packages/layerchart-wrapper/dist/controls/chart-label-controls.svelte".[39m
[2K[1G[33m../../packages/layerchart-wrapper/dist/controls/chart-label-controls.svelte (226:16): Error when using sourcemap for reporting an error: Can't resolve original location of error.[39m
[2K[1G[33m../../packages/layerchart-wrapper/dist/controls/chart-label-controls.svelte (226:16): "Item" is not exported by "../../node_modules/bits-ui/dist/index.js", imported by "../../packages/layerchart-wrapper/dist/controls/chart-label-controls.svelte".[39m
[2K[1G[33m../../packages/layerchart-wrapper/dist/controls/chart-period-controls.svelte (64:12): Error when using sourcemap for reporting an error: Can't resolve original location of error.[39m
[2K[1G[33m../../packages/layerchart-wrapper/dist/controls/chart-period-controls.svelte (64:12): "Root" is not exported by "../../node_modules/bits-ui/dist/index.js", imported by "../../packages/layerchart-wrapper/dist/controls/chart-period-controls.svelte".[39m
[2K[1G[33m../../packages/layerchart-wrapper/dist/controls/chart-period-controls.svelte (77:14): Error when using sourcemap for reporting an error: Can't resolve original location of error.[39m
[2K[1G[33m../../packages/layerchart-wrapper/dist/controls/chart-period-controls.svelte (77:14): "Trigger" is not exported by "../../node_modules/bits-ui/dist/index.js", imported by "../../packages/layerchart-wrapper/dist/controls/chart-period-controls.svelte".[39m
[2K[1G[33m../../packages/layerchart-wrapper/dist/controls/chart-period-controls.svelte (103:14): Error when using sourcemap for reporting an error: Can't resolve original location of error.[39m
[2K[1G[33m../../packages/layerchart-wrapper/dist/controls/chart-period-controls.svelte (103:14): "Content" is not exported by "../../node_modules/bits-ui/dist/index.js", imported by "../../packages/layerchart-wrapper/dist/controls/chart-period-controls.svelte".[39m
[2K[1G[33m../../packages/layerchart-wrapper/dist/controls/chart-period-controls.svelte (110:16): Error when using sourcemap for reporting an error: Can't resolve original location of error.[39m
[2K[1G[33m../../packages/layerchart-wrapper/dist/controls/chart-period-controls.svelte (110:16): "Root" is not exported by "../../node_modules/bits-ui/dist/index.js", imported by "../../packages/layerchart-wrapper/dist/controls/chart-period-controls.svelte".[39m
[2K[1G[33m../../packages/layerchart-wrapper/dist/controls/chart-period-controls.svelte (114:18): Error when using sourcemap for reporting an error: Can't resolve original location of error.[39m
[2K[1G[33m../../packages/layerchart-wrapper/dist/controls/chart-period-controls.svelte (114:18): "List" is not exported by "../../node_modules/bits-ui/dist/index.js", imported by "../../packages/layerchart-wrapper/dist/controls/chart-period-controls.svelte".[39m
[2K[1G[33m../../packages/layerchart-wrapper/dist/controls/chart-period-controls.svelte (127:21): Error when using sourcemap for reporting an error: Can't resolve original location of error.[39m
[2K[1G[33m../../packages/layerchart-wrapper/dist/controls/chart-period-controls.svelte (127:21): "Item" is not exported by "../../node_modules/bits-ui/dist/index.js", imported by "../../packages/layerchart-wrapper/dist/controls/chart-period-controls.svelte".[39m
[2K[1G[32m✓[39m 8420 modules transformed.
[2K[1G[0m[31m[31m✗[39m Build failed in 7.39s[0m
[0m[31m[31merror during build:
[31m../../packages/layerchart-wrapper/dist/controls/chart-point-style-controls.svelte (3:11): "Input" is not exported by "../../node_modules/bits-ui/dist/index.js", imported by "../../packages/layerchart-wrapper/dist/controls/chart-point-style-controls.svelte".[31m
file: [36m/Users/robert/Projects/JS/SvelteKit/budget/packages/layerchart-wrapper/dist/controls/chart-point-style-controls.svelte:3:11[31m
[33m
1: <script lang="ts">
2:   import { Label }  from "bits-ui";
3:   import { Input }  from "bits-ui";
              ^
4:   import { Slider }  from "bits-ui";
5:   import { Switch }  from "bits-ui";
[31m
    at getRollupError (/Users/robert/Projects/JS/SvelteKit/budget/node_modules/rollup/dist/es/shared/parseAst.js:401:45)
    at error (/Users/robert/Projects/JS/SvelteKit/budget/node_modules/rollup/dist/es/shared/parseAst.js:397:42)
    at findVariable (/Users/robert/Projects/JS/SvelteKit/budget/node_modules/rollup/dist/es/shared/node-entry.js:14997:39)
    at findVariable (/Users/robert/Projects/JS/SvelteKit/budget/node_modules/rollup/dist/es/shared/node-entry.js:5620:38)
    at findVariable (/Users/robert/Projects/JS/SvelteKit/budget/node_modules/rollup/dist/es/shared/node-entry.js:5620:38)
    at findVariable (/Users/robert/Projects/JS/SvelteKit/budget/node_modules/rollup/dist/es/shared/node-entry.js:5620:38)
    at findVariable (/Users/robert/Projects/JS/SvelteKit/budget/node_modules/rollup/dist/es/shared/node-entry.js:5620:38)
    at findVariable (/Users/robert/Projects/JS/SvelteKit/budget/node_modules/rollup/dist/es/shared/node-entry.js:5620:38)
    at findVariable (/Users/robert/Projects/JS/SvelteKit/budget/node_modules/rollup/dist/es/shared/node-entry.js:5620:38)
    at findVariable (/Users/robert/Projects/JS/SvelteKit/budget/node_modules/rollup/dist/es/shared/node-entry.js:5620:38)[39m[0m
[0m[31merror[0m[2m:[0m script [1m"build"[0m exited with code 1[0m
